<?xml version="1.0" encoding="utf-8"?><testsuites><testsuite name="pytest" errors="0" failures="0" skipped="0" tests="15" time="0.317" timestamp="2022-12-13T08:16:13.442066" hostname="jmoslandia-XPS-15-7590"><testcase classname="tests.test_about.TestAbout" name="test_metadata_types" time="0.001" /><testcase classname="tests.test_about.TestAbout" name="test_version_semver" time="0.001" /><testcase classname="tests.test_utils_check_path.TestUtilsCheckPath" name="test_check_path_as_str_ko" time="0.001" /><testcase classname="tests.test_utils_check_path.TestUtilsCheckPath" name="test_check_path_as_str_ok" time="0.001" /><testcase classname="tests.test_utils_check_path.TestUtilsCheckPath" name="test_check_path_exists_ko" time="0.001" /><testcase classname="tests.test_utils_check_path.TestUtilsCheckPath" name="test_check_path_exists_ok" time="0.001" /><testcase classname="tests.test_utils_check_path.TestUtilsCheckPath" name="test_check_path_meta_ko" time="0.003" /><testcase classname="tests.test_utils_check_path.TestUtilsCheckPath" name="test_check_path_meta_ko_specific" time="0.001" /><testcase classname="tests.test_utils_check_path.TestUtilsCheckPath" name="test_check_path_meta_ok" time="0.001" /><testcase classname="tests.test_utils_check_path.TestUtilsCheckPath" name="test_check_path_readable_ko" time="0.001" /><testcase classname="tests.test_utils_check_path.TestUtilsCheckPath" name="test_check_path_readable_ko_specific" time="0.001" /><testcase classname="tests.test_utils_check_path.TestUtilsCheckPath" name="test_check_path_readable_ok" time="0.001" /><testcase classname="tests.test_utils_check_path.TestUtilsCheckPath" name="test_check_path_writable_ko" time="0.001" /><testcase classname="tests.test_utils_check_path.TestUtilsCheckPath" name="test_check_path_writable_ko_specific" time="0.001" /><testcase classname="tests.test_utils_check_path.TestUtilsCheckPath" name="test_check_path_writable_ok" time="0.001" /></testsuite></testsuites>